-------------------------------------------------------------------------------
Test set: net.javaguides.springboot.SpringbootBackendApplicationTests
-------------------------------------------------------------------------------
Tests run: 1, Failures: 0, Errors: 1, Skipped: 0, Time elapsed: 12.318 s <<< FAILURE! - in net.javaguides.springboot.SpringbootBackendApplicationTests
contextLoads  Time elapsed: 0.002 s  <<< ERROR!
java.lang.IllegalStateException: Failed to load ApplicationContext for [WebMergedContextConfiguration@1201769d testClass = net.javaguides.springboot.SpringbootBackendApplicationTests, locations = [], classes = [net.javaguides.springboot.SpringbootBackendApplication], contextInitializerClasses = [], activeProfiles = [], propertySourceLocations = [], propertySourceProperties = ["org.springframework.boot.test.context.SpringBootTestContextBootstrapper=true"], contextCustomizers = [org.springframework.boot.test.context.filter.ExcludeFilterContextCustomizer@702b8b12, org.springframework.boot.test.json.DuplicateJsonObjectContextCustomizerFactory$DuplicateJsonObjectContextCustomizer@15bbf42f, org.springframework.boot.test.mock.mockito.MockitoContextCustomizer@0, org.springframework.boot.test.web.client.TestRestTemplateContextCustomizer@101952da, org.springframework.boot.test.autoconfigure.actuate.observability.ObservabilityContextCustomizerFactory$DisableObservabilityContextCustomizer@9da1, org.springframework.boot.test.autoconfigure.properties.PropertyMappingContextCustomizer@0, org.springframework.boot.test.autoconfigure.web.servlet.WebDriverContextCustomizerFactory$Customizer@4efc180e, org.springframework.boot.test.context.SpringBootTestAnnotation@aee8066f], resourceBasePath = "src/main/webapp", contextLoader = org.springframework.boot.test.context.SpringBootContextLoader, parent = null]
Caused by: org.springframework.beans.factory.BeanCreationException: Error creating bean with name 'entityManagerFactory' defined in class path resource [org/springframework/boot/autoconfigure/orm/jpa/HibernateJpaConfiguration.class]: Property 'net.javaguides.springboot.model.User.temp' has an unbound type and no explicit target entity (resolve this generics usage issue or set an explicit target attribute with '@OneToMany(target=)' or use an explicit '@Type')
Caused by: org.hibernate.AnnotationException: Property 'net.javaguides.springboot.model.User.temp' has an unbound type and no explicit target entity (resolve this generics usage issue or set an explicit target attribute with '@OneToMany(target=)' or use an explicit '@Type')

